<?xml version="1.0" encoding="UTF-8"?><testrun name="Trigonometry" project="src" tests="25" started="25" failures="3" errors="1" ignored="0">
  <testsuite name="ASELAB4.Trigonometry" time="0.037" displayname="Trigonometry" uniqueid="[engine:junit-vintage]/[runner:ASELAB4.Trigonometry]">
    <testcase name="sinTest_1" classname="ASELAB4.Trigonometry" time="0.002" displayname="sinTest_1" uniqueid="[engine:junit-vintage]/[runner:ASELAB4.Trigonometry]/[test:sinTest_1(ASELAB4.Trigonometry)]"/>
    <testcase name="sinTest_2" classname="ASELAB4.Trigonometry" time="0.001" displayname="sinTest_2" uniqueid="[engine:junit-vintage]/[runner:ASELAB4.Trigonometry]/[test:sinTest_2(ASELAB4.Trigonometry)]"/>
    <testcase name="sinTest_3" classname="ASELAB4.Trigonometry" time="0.001" displayname="sinTest_3" uniqueid="[engine:junit-vintage]/[runner:ASELAB4.Trigonometry]/[test:sinTest_3(ASELAB4.Trigonometry)]"/>
    <testcase name="sinTest_4" classname="ASELAB4.Trigonometry" time="0.002" displayname="sinTest_4" uniqueid="[engine:junit-vintage]/[runner:ASELAB4.Trigonometry]/[test:sinTest_4(ASELAB4.Trigonometry)]"/>
    <testcase name="sinTest_5" classname="ASELAB4.Trigonometry" time="0.001" displayname="sinTest_5" uniqueid="[engine:junit-vintage]/[runner:ASELAB4.Trigonometry]/[test:sinTest_5(ASELAB4.Trigonometry)]"/>
    <testcase name="radianToDegreeTest" classname="ASELAB4.Trigonometry" time="0.002" displayname="radianToDegreeTest" uniqueid="[engine:junit-vintage]/[runner:ASELAB4.Trigonometry]/[test:radianToDegreeTest(ASELAB4.Trigonometry)]"/>
    <testcase name="cosTest_1" classname="ASELAB4.Trigonometry" time="0.001" displayname="cosTest_1" uniqueid="[engine:junit-vintage]/[runner:ASELAB4.Trigonometry]/[test:cosTest_1(ASELAB4.Trigonometry)]"/>
    <testcase name="cosTest_2" classname="ASELAB4.Trigonometry" time="0.0" displayname="cosTest_2" uniqueid="[engine:junit-vintage]/[runner:ASELAB4.Trigonometry]/[test:cosTest_2(ASELAB4.Trigonometry)]"/>
    <testcase name="cosTest_3" classname="ASELAB4.Trigonometry" time="0.001" displayname="cosTest_3" uniqueid="[engine:junit-vintage]/[runner:ASELAB4.Trigonometry]/[test:cosTest_3(ASELAB4.Trigonometry)]"/>
    <testcase name="cosTest_4" classname="ASELAB4.Trigonometry" time="0.0" displayname="cosTest_4" uniqueid="[engine:junit-vintage]/[runner:ASELAB4.Trigonometry]/[test:cosTest_4(ASELAB4.Trigonometry)]"/>
    <testcase name="cosTest_5" classname="ASELAB4.Trigonometry" time="0.0" displayname="cosTest_5" uniqueid="[engine:junit-vintage]/[runner:ASELAB4.Trigonometry]/[test:cosTest_5(ASELAB4.Trigonometry)]"/>
    <testcase name="tanTest_1" classname="ASELAB4.Trigonometry" time="0.0" displayname="tanTest_1" uniqueid="[engine:junit-vintage]/[runner:ASELAB4.Trigonometry]/[test:tanTest_1(ASELAB4.Trigonometry)]"/>
    <testcase name="tanTest_2" classname="ASELAB4.Trigonometry" time="0.001" displayname="tanTest_2" uniqueid="[engine:junit-vintage]/[runner:ASELAB4.Trigonometry]/[test:tanTest_2(ASELAB4.Trigonometry)]"/>
    <testcase name="tanTest_3" classname="ASELAB4.Trigonometry" time="0.002" displayname="tanTest_3" uniqueid="[engine:junit-vintage]/[runner:ASELAB4.Trigonometry]/[test:tanTest_3(ASELAB4.Trigonometry)]"/>
    <testcase name="tanTest_4" classname="ASELAB4.Trigonometry" time="0.001" displayname="tanTest_4" uniqueid="[engine:junit-vintage]/[runner:ASELAB4.Trigonometry]/[test:tanTest_4(ASELAB4.Trigonometry)]"/>
    <testcase name="tanTest_5" classname="ASELAB4.Trigonometry" time="0.006" displayname="tanTest_5" uniqueid="[engine:junit-vintage]/[runner:ASELAB4.Trigonometry]/[test:tanTest_5(ASELAB4.Trigonometry)]">
      <failure>java.lang.AssertionError: expected:&lt;6.405331196646276&gt; but was:&lt;6.593475969064828&gt;&#13;
	at org.junit.Assert.fail(Assert.java:89)&#13;
	at org.junit.Assert.failNotEquals(Assert.java:835)&#13;
	at org.junit.Assert.assertEquals(Assert.java:555)&#13;
	at org.junit.Assert.assertEquals(Assert.java:685)&#13;
	at ASELAB4.Trigonometry.tanTest_5(Trigonometry.java:277)&#13;
	at java.base/jdk.internal.reflect.NativeMethodAccessorImpl.invoke0(Native Method)&#13;
	at java.base/jdk.internal.reflect.NativeMethodAccessorImpl.invoke(NativeMethodAccessorImpl.java:77)&#13;
	at java.base/jdk.internal.reflect.DelegatingMethodAccessorImpl.invoke(DelegatingMethodAccessorImpl.java:43)&#13;
	at java.base/java.lang.reflect.Method.invoke(Method.java:568)&#13;
	at org.junit.runners.model.FrameworkMethod$1.runReflectiveCall(FrameworkMethod.java:59)&#13;
	at org.junit.internal.runners.model.ReflectiveCallable.run(ReflectiveCallable.java:12)&#13;
	at org.junit.runners.model.FrameworkMethod.invokeExplosively(FrameworkMethod.java:56)&#13;
	at org.junit.internal.runners.statements.InvokeMethod.evaluate(InvokeMethod.java:17)&#13;
	at org.junit.runners.ParentRunner$3.evaluate(ParentRunner.java:306)&#13;
	at org.junit.runners.BlockJUnit4ClassRunner$1.evaluate(BlockJUnit4ClassRunner.java:100)&#13;
	at org.junit.runners.ParentRunner.runLeaf(ParentRunner.java:366)&#13;
	at org.junit.runners.BlockJUnit4ClassRunner.runChild(BlockJUnit4ClassRunner.java:103)&#13;
	at org.junit.runners.BlockJUnit4ClassRunner.runChild(BlockJUnit4ClassRunner.java:63)&#13;
	at org.junit.runners.ParentRunner$4.run(ParentRunner.java:331)&#13;
	at org.junit.runners.ParentRunner$1.schedule(ParentRunner.java:79)&#13;
	at org.junit.runners.ParentRunner.runChildren(ParentRunner.java:329)&#13;
	at org.junit.runners.ParentRunner.access$100(ParentRunner.java:66)&#13;
	at org.junit.runners.ParentRunner$2.evaluate(ParentRunner.java:293)&#13;
	at org.junit.runners.ParentRunner$3.evaluate(ParentRunner.java:306)&#13;
	at org.junit.runners.ParentRunner.run(ParentRunner.java:413)&#13;
	at org.junit.runner.JUnitCore.run(JUnitCore.java:137)&#13;
	at org.junit.runner.JUnitCore.run(JUnitCore.java:115)&#13;
	at org.junit.vintage.engine.execution.RunnerExecutor.execute(RunnerExecutor.java:42)&#13;
	at org.junit.vintage.engine.VintageTestEngine.executeAllChildren(VintageTestEngine.java:80)&#13;
	at org.junit.vintage.engine.VintageTestEngine.execute(VintageTestEngine.java:72)&#13;
	at org.junit.platform.launcher.core.EngineExecutionOrchestrator.execute(EngineExecutionOrchestrator.java:147)&#13;
	at org.junit.platform.launcher.core.EngineExecutionOrchestrator.execute(EngineExecutionOrchestrator.java:127)&#13;
	at org.junit.platform.launcher.core.EngineExecutionOrchestrator.execute(EngineExecutionOrchestrator.java:90)&#13;
	at org.junit.platform.launcher.core.EngineExecutionOrchestrator.lambda$execute$0(EngineExecutionOrchestrator.java:55)&#13;
	at org.junit.platform.launcher.core.EngineExecutionOrchestrator.withInterceptedStreams(EngineExecutionOrchestrator.java:102)&#13;
	at org.junit.platform.launcher.core.EngineExecutionOrchestrator.execute(EngineExecutionOrchestrator.java:54)&#13;
	at org.junit.platform.launcher.core.DefaultLauncher.execute(DefaultLauncher.java:114)&#13;
	at org.junit.platform.launcher.core.DefaultLauncher.execute(DefaultLauncher.java:95)&#13;
	at org.junit.platform.launcher.core.DefaultLauncherSession$DelegatingLauncher.execute(DefaultLauncherSession.java:91)&#13;
	at org.junit.platform.launcher.core.SessionPerRequestLauncher.execute(SessionPerRequestLauncher.java:60)&#13;
	at org.eclipse.jdt.internal.junit5.runner.JUnit5TestReference.run(JUnit5TestReference.java:98)&#13;
	at org.eclipse.jdt.internal.junit.runner.TestExecution.run(TestExecution.java:40)&#13;
	at org.eclipse.jdt.internal.junit.runner.RemoteTestRunner.runTests(RemoteTestRunner.java:529)&#13;
	at org.eclipse.jdt.internal.junit.runner.RemoteTestRunner.runTests(RemoteTestRunner.java:756)&#13;
	at org.eclipse.jdt.internal.junit.runner.RemoteTestRunner.run(RemoteTestRunner.java:452)&#13;
	at org.eclipse.jdt.internal.junit.runner.RemoteTestRunner.main(RemoteTestRunner.java:210)&#13;
&#13;
</failure>
    </testcase>
    <testcase name="tanTest_6" classname="ASELAB4.Trigonometry" time="0.0" displayname="tanTest_6" uniqueid="[engine:junit-vintage]/[runner:ASELAB4.Trigonometry]/[test:tanTest_6(ASELAB4.Trigonometry)]"/>
    <testcase name="tanTest_7" classname="ASELAB4.Trigonometry" time="0.001" displayname="tanTest_7" uniqueid="[engine:junit-vintage]/[runner:ASELAB4.Trigonometry]/[test:tanTest_7(ASELAB4.Trigonometry)]">
      <failure>java.lang.AssertionError: expected:&lt;-1.9594734001799408E11&gt; but was:&lt;-1.4237507334537403E10&gt;&#13;
	at org.junit.Assert.fail(Assert.java:89)&#13;
	at org.junit.Assert.failNotEquals(Assert.java:835)&#13;
	at org.junit.Assert.assertEquals(Assert.java:555)&#13;
	at org.junit.Assert.assertEquals(Assert.java:685)&#13;
	at ASELAB4.Trigonometry.tanTest_7(Trigonometry.java:297)&#13;
	at java.base/jdk.internal.reflect.NativeMethodAccessorImpl.invoke0(Native Method)&#13;
	at java.base/jdk.internal.reflect.NativeMethodAccessorImpl.invoke(NativeMethodAccessorImpl.java:77)&#13;
	at java.base/jdk.internal.reflect.DelegatingMethodAccessorImpl.invoke(DelegatingMethodAccessorImpl.java:43)&#13;
	at java.base/java.lang.reflect.Method.invoke(Method.java:568)&#13;
	at org.junit.runners.model.FrameworkMethod$1.runReflectiveCall(FrameworkMethod.java:59)&#13;
	at org.junit.internal.runners.model.ReflectiveCallable.run(ReflectiveCallable.java:12)&#13;
	at org.junit.runners.model.FrameworkMethod.invokeExplosively(FrameworkMethod.java:56)&#13;
	at org.junit.internal.runners.statements.InvokeMethod.evaluate(InvokeMethod.java:17)&#13;
	at org.junit.runners.ParentRunner$3.evaluate(ParentRunner.java:306)&#13;
	at org.junit.runners.BlockJUnit4ClassRunner$1.evaluate(BlockJUnit4ClassRunner.java:100)&#13;
	at org.junit.runners.ParentRunner.runLeaf(ParentRunner.java:366)&#13;
	at org.junit.runners.BlockJUnit4ClassRunner.runChild(BlockJUnit4ClassRunner.java:103)&#13;
	at org.junit.runners.BlockJUnit4ClassRunner.runChild(BlockJUnit4ClassRunner.java:63)&#13;
	at org.junit.runners.ParentRunner$4.run(ParentRunner.java:331)&#13;
	at org.junit.runners.ParentRunner$1.schedule(ParentRunner.java:79)&#13;
	at org.junit.runners.ParentRunner.runChildren(ParentRunner.java:329)&#13;
	at org.junit.runners.ParentRunner.access$100(ParentRunner.java:66)&#13;
	at org.junit.runners.ParentRunner$2.evaluate(ParentRunner.java:293)&#13;
	at org.junit.runners.ParentRunner$3.evaluate(ParentRunner.java:306)&#13;
	at org.junit.runners.ParentRunner.run(ParentRunner.java:413)&#13;
	at org.junit.runner.JUnitCore.run(JUnitCore.java:137)&#13;
	at org.junit.runner.JUnitCore.run(JUnitCore.java:115)&#13;
	at org.junit.vintage.engine.execution.RunnerExecutor.execute(RunnerExecutor.java:42)&#13;
	at org.junit.vintage.engine.VintageTestEngine.executeAllChildren(VintageTestEngine.java:80)&#13;
	at org.junit.vintage.engine.VintageTestEngine.execute(VintageTestEngine.java:72)&#13;
	at org.junit.platform.launcher.core.EngineExecutionOrchestrator.execute(EngineExecutionOrchestrator.java:147)&#13;
	at org.junit.platform.launcher.core.EngineExecutionOrchestrator.execute(EngineExecutionOrchestrator.java:127)&#13;
	at org.junit.platform.launcher.core.EngineExecutionOrchestrator.execute(EngineExecutionOrchestrator.java:90)&#13;
	at org.junit.platform.launcher.core.EngineExecutionOrchestrator.lambda$execute$0(EngineExecutionOrchestrator.java:55)&#13;
	at org.junit.platform.launcher.core.EngineExecutionOrchestrator.withInterceptedStreams(EngineExecutionOrchestrator.java:102)&#13;
	at org.junit.platform.launcher.core.EngineExecutionOrchestrator.execute(EngineExecutionOrchestrator.java:54)&#13;
	at org.junit.platform.launcher.core.DefaultLauncher.execute(DefaultLauncher.java:114)&#13;
	at org.junit.platform.launcher.core.DefaultLauncher.execute(DefaultLauncher.java:95)&#13;
	at org.junit.platform.launcher.core.DefaultLauncherSession$DelegatingLauncher.execute(DefaultLauncherSession.java:91)&#13;
	at org.junit.platform.launcher.core.SessionPerRequestLauncher.execute(SessionPerRequestLauncher.java:60)&#13;
	at org.eclipse.jdt.internal.junit5.runner.JUnit5TestReference.run(JUnit5TestReference.java:98)&#13;
	at org.eclipse.jdt.internal.junit.runner.TestExecution.run(TestExecution.java:40)&#13;
	at org.eclipse.jdt.internal.junit.runner.RemoteTestRunner.runTests(RemoteTestRunner.java:529)&#13;
	at org.eclipse.jdt.internal.junit.runner.RemoteTestRunner.runTests(RemoteTestRunner.java:756)&#13;
	at org.eclipse.jdt.internal.junit.runner.RemoteTestRunner.run(RemoteTestRunner.java:452)&#13;
	at org.eclipse.jdt.internal.junit.runner.RemoteTestRunner.main(RemoteTestRunner.java:210)&#13;
&#13;
</failure>
    </testcase>
    <testcase name="power_1" classname="ASELAB4.Trigonometry" time="0.001" displayname="power_1" uniqueid="[engine:junit-vintage]/[runner:ASELAB4.Trigonometry]/[test:power_1(ASELAB4.Trigonometry)]">
      <error>java.lang.Exception: Invalid power value&#13;
	at ASELAB4.LibraryforTrigonometry.power(LibraryforTrigonometry.java:112)&#13;
	at ASELAB4.Trigonometry.power_1(Trigonometry.java:69)&#13;
	at java.base/jdk.internal.reflect.NativeMethodAccessorImpl.invoke0(Native Method)&#13;
	at java.base/jdk.internal.reflect.NativeMethodAccessorImpl.invoke(NativeMethodAccessorImpl.java:77)&#13;
	at java.base/jdk.internal.reflect.DelegatingMethodAccessorImpl.invoke(DelegatingMethodAccessorImpl.java:43)&#13;
	at java.base/java.lang.reflect.Method.invoke(Method.java:568)&#13;
	at org.junit.runners.model.FrameworkMethod$1.runReflectiveCall(FrameworkMethod.java:59)&#13;
	at org.junit.internal.runners.model.ReflectiveCallable.run(ReflectiveCallable.java:12)&#13;
	at org.junit.runners.model.FrameworkMethod.invokeExplosively(FrameworkMethod.java:56)&#13;
	at org.junit.internal.runners.statements.InvokeMethod.evaluate(InvokeMethod.java:17)&#13;
	at org.junit.runners.ParentRunner$3.evaluate(ParentRunner.java:306)&#13;
	at org.junit.runners.BlockJUnit4ClassRunner$1.evaluate(BlockJUnit4ClassRunner.java:100)&#13;
	at org.junit.runners.ParentRunner.runLeaf(ParentRunner.java:366)&#13;
	at org.junit.runners.BlockJUnit4ClassRunner.runChild(BlockJUnit4ClassRunner.java:103)&#13;
	at org.junit.runners.BlockJUnit4ClassRunner.runChild(BlockJUnit4ClassRunner.java:63)&#13;
	at org.junit.runners.ParentRunner$4.run(ParentRunner.java:331)&#13;
	at org.junit.runners.ParentRunner$1.schedule(ParentRunner.java:79)&#13;
	at org.junit.runners.ParentRunner.runChildren(ParentRunner.java:329)&#13;
	at org.junit.runners.ParentRunner.access$100(ParentRunner.java:66)&#13;
	at org.junit.runners.ParentRunner$2.evaluate(ParentRunner.java:293)&#13;
	at org.junit.runners.ParentRunner$3.evaluate(ParentRunner.java:306)&#13;
	at org.junit.runners.ParentRunner.run(ParentRunner.java:413)&#13;
	at org.junit.runner.JUnitCore.run(JUnitCore.java:137)&#13;
	at org.junit.runner.JUnitCore.run(JUnitCore.java:115)&#13;
	at org.junit.vintage.engine.execution.RunnerExecutor.execute(RunnerExecutor.java:42)&#13;
	at org.junit.vintage.engine.VintageTestEngine.executeAllChildren(VintageTestEngine.java:80)&#13;
	at org.junit.vintage.engine.VintageTestEngine.execute(VintageTestEngine.java:72)&#13;
	at org.junit.platform.launcher.core.EngineExecutionOrchestrator.execute(EngineExecutionOrchestrator.java:147)&#13;
	at org.junit.platform.launcher.core.EngineExecutionOrchestrator.execute(EngineExecutionOrchestrator.java:127)&#13;
	at org.junit.platform.launcher.core.EngineExecutionOrchestrator.execute(EngineExecutionOrchestrator.java:90)&#13;
	at org.junit.platform.launcher.core.EngineExecutionOrchestrator.lambda$execute$0(EngineExecutionOrchestrator.java:55)&#13;
	at org.junit.platform.launcher.core.EngineExecutionOrchestrator.withInterceptedStreams(EngineExecutionOrchestrator.java:102)&#13;
	at org.junit.platform.launcher.core.EngineExecutionOrchestrator.execute(EngineExecutionOrchestrator.java:54)&#13;
	at org.junit.platform.launcher.core.DefaultLauncher.execute(DefaultLauncher.java:114)&#13;
	at org.junit.platform.launcher.core.DefaultLauncher.execute(DefaultLauncher.java:95)&#13;
	at org.junit.platform.launcher.core.DefaultLauncherSession$DelegatingLauncher.execute(DefaultLauncherSession.java:91)&#13;
	at org.junit.platform.launcher.core.SessionPerRequestLauncher.execute(SessionPerRequestLauncher.java:60)&#13;
	at org.eclipse.jdt.internal.junit5.runner.JUnit5TestReference.run(JUnit5TestReference.java:98)&#13;
	at org.eclipse.jdt.internal.junit.runner.TestExecution.run(TestExecution.java:40)&#13;
	at org.eclipse.jdt.internal.junit.runner.RemoteTestRunner.runTests(RemoteTestRunner.java:529)&#13;
	at org.eclipse.jdt.internal.junit.runner.RemoteTestRunner.runTests(RemoteTestRunner.java:756)&#13;
	at org.eclipse.jdt.internal.junit.runner.RemoteTestRunner.run(RemoteTestRunner.java:452)&#13;
	at org.eclipse.jdt.internal.junit.runner.RemoteTestRunner.main(RemoteTestRunner.java:210)&#13;
&#13;
</error>
    </testcase>
    <testcase name="power_2" classname="ASELAB4.Trigonometry" time="0.0" displayname="power_2" uniqueid="[engine:junit-vintage]/[runner:ASELAB4.Trigonometry]/[test:power_2(ASELAB4.Trigonometry)]"/>
    <testcase name="factorial_1" classname="ASELAB4.Trigonometry" time="0.001" displayname="factorial_1" uniqueid="[engine:junit-vintage]/[runner:ASELAB4.Trigonometry]/[test:factorial_1(ASELAB4.Trigonometry)]"/>
    <testcase name="factorial_2" classname="ASELAB4.Trigonometry" time="0.0" displayname="factorial_2" uniqueid="[engine:junit-vintage]/[runner:ASELAB4.Trigonometry]/[test:factorial_2(ASELAB4.Trigonometry)]"/>
    <testcase name="factorial_3" classname="ASELAB4.Trigonometry" time="0.0" displayname="factorial_3" uniqueid="[engine:junit-vintage]/[runner:ASELAB4.Trigonometry]/[test:factorial_3(ASELAB4.Trigonometry)]"/>
    <testcase name="power" classname="ASELAB4.Trigonometry" time="0.001" displayname="power" uniqueid="[engine:junit-vintage]/[runner:ASELAB4.Trigonometry]/[test:power(ASELAB4.Trigonometry)]"/>
    <testcase name="degreeToRadianTest" classname="ASELAB4.Trigonometry" time="0.001" displayname="degreeToRadianTest" uniqueid="[engine:junit-vintage]/[runner:ASELAB4.Trigonometry]/[test:degreeToRadianTest(ASELAB4.Trigonometry)]">
      <failure>java.lang.AssertionError: expected:&lt;0.0&gt; but was:&lt;1.745328888888889&gt;&#13;
	at org.junit.Assert.fail(Assert.java:89)&#13;
	at org.junit.Assert.failNotEquals(Assert.java:835)&#13;
	at org.junit.Assert.assertEquals(Assert.java:555)&#13;
	at org.junit.Assert.assertEquals(Assert.java:685)&#13;
	at ASELAB4.Trigonometry.degreeToRadianTest(Trigonometry.java:94)&#13;
	at java.base/jdk.internal.reflect.NativeMethodAccessorImpl.invoke0(Native Method)&#13;
	at java.base/jdk.internal.reflect.NativeMethodAccessorImpl.invoke(NativeMethodAccessorImpl.java:77)&#13;
	at java.base/jdk.internal.reflect.DelegatingMethodAccessorImpl.invoke(DelegatingMethodAccessorImpl.java:43)&#13;
	at java.base/java.lang.reflect.Method.invoke(Method.java:568)&#13;
	at org.junit.runners.model.FrameworkMethod$1.runReflectiveCall(FrameworkMethod.java:59)&#13;
	at org.junit.internal.runners.model.ReflectiveCallable.run(ReflectiveCallable.java:12)&#13;
	at org.junit.runners.model.FrameworkMethod.invokeExplosively(FrameworkMethod.java:56)&#13;
	at org.junit.internal.runners.statements.InvokeMethod.evaluate(InvokeMethod.java:17)&#13;
	at org.junit.runners.ParentRunner$3.evaluate(ParentRunner.java:306)&#13;
	at org.junit.runners.BlockJUnit4ClassRunner$1.evaluate(BlockJUnit4ClassRunner.java:100)&#13;
	at org.junit.runners.ParentRunner.runLeaf(ParentRunner.java:366)&#13;
	at org.junit.runners.BlockJUnit4ClassRunner.runChild(BlockJUnit4ClassRunner.java:103)&#13;
	at org.junit.runners.BlockJUnit4ClassRunner.runChild(BlockJUnit4ClassRunner.java:63)&#13;
	at org.junit.runners.ParentRunner$4.run(ParentRunner.java:331)&#13;
	at org.junit.runners.ParentRunner$1.schedule(ParentRunner.java:79)&#13;
	at org.junit.runners.ParentRunner.runChildren(ParentRunner.java:329)&#13;
	at org.junit.runners.ParentRunner.access$100(ParentRunner.java:66)&#13;
	at org.junit.runners.ParentRunner$2.evaluate(ParentRunner.java:293)&#13;
	at org.junit.runners.ParentRunner$3.evaluate(ParentRunner.java:306)&#13;
	at org.junit.runners.ParentRunner.run(ParentRunner.java:413)&#13;
	at org.junit.runner.JUnitCore.run(JUnitCore.java:137)&#13;
	at org.junit.runner.JUnitCore.run(JUnitCore.java:115)&#13;
	at org.junit.vintage.engine.execution.RunnerExecutor.execute(RunnerExecutor.java:42)&#13;
	at org.junit.vintage.engine.VintageTestEngine.executeAllChildren(VintageTestEngine.java:80)&#13;
	at org.junit.vintage.engine.VintageTestEngine.execute(VintageTestEngine.java:72)&#13;
	at org.junit.platform.launcher.core.EngineExecutionOrchestrator.execute(EngineExecutionOrchestrator.java:147)&#13;
	at org.junit.platform.launcher.core.EngineExecutionOrchestrator.execute(EngineExecutionOrchestrator.java:127)&#13;
	at org.junit.platform.launcher.core.EngineExecutionOrchestrator.execute(EngineExecutionOrchestrator.java:90)&#13;
	at org.junit.platform.launcher.core.EngineExecutionOrchestrator.lambda$execute$0(EngineExecutionOrchestrator.java:55)&#13;
	at org.junit.platform.launcher.core.EngineExecutionOrchestrator.withInterceptedStreams(EngineExecutionOrchestrator.java:102)&#13;
	at org.junit.platform.launcher.core.EngineExecutionOrchestrator.execute(EngineExecutionOrchestrator.java:54)&#13;
	at org.junit.platform.launcher.core.DefaultLauncher.execute(DefaultLauncher.java:114)&#13;
	at org.junit.platform.launcher.core.DefaultLauncher.execute(DefaultLauncher.java:95)&#13;
	at org.junit.platform.launcher.core.DefaultLauncherSession$DelegatingLauncher.execute(DefaultLauncherSession.java:91)&#13;
	at org.junit.platform.launcher.core.SessionPerRequestLauncher.execute(SessionPerRequestLauncher.java:60)&#13;
	at org.eclipse.jdt.internal.junit5.runner.JUnit5TestReference.run(JUnit5TestReference.java:98)&#13;
	at org.eclipse.jdt.internal.junit.runner.TestExecution.run(TestExecution.java:40)&#13;
	at org.eclipse.jdt.internal.junit.runner.RemoteTestRunner.runTests(RemoteTestRunner.java:529)&#13;
	at org.eclipse.jdt.internal.junit.runner.RemoteTestRunner.runTests(RemoteTestRunner.java:756)&#13;
	at org.eclipse.jdt.internal.junit.runner.RemoteTestRunner.run(RemoteTestRunner.java:452)&#13;
	at org.eclipse.jdt.internal.junit.runner.RemoteTestRunner.main(RemoteTestRunner.java:210)&#13;
&#13;
</failure>
    </testcase>
  </testsuite>
</testrun>
